[2025-01-27 14:28:29] local.INFO: frontend.php  
[2025-01-27 14:28:52] local.INFO: frontend.php  
[2025-01-27 14:32:23] local.INFO: frontend.php  
[2025-01-27 14:32:55] local.INFO: frontend.php  
[2025-01-27 14:32:56] local.INFO: frontend.php  
[2025-01-27 14:33:08] local.INFO: frontend.php  
[2025-01-27 14:33:13] local.INFO: frontend.php  
[2025-01-27 14:33:29] local.INFO: frontend.php  
[2025-01-27 14:36:19] local.INFO: frontend.php  
[2025-01-27 14:45:58] local.INFO: frontend.php  
[2025-01-27 14:46:11] local.INFO: frontend.php  
[2025-01-27 14:50:26] local.INFO: frontend.php  
[2025-01-27 14:50:44] local.INFO: frontend.php  
[2025-01-27 14:54:58] local.INFO: frontend.php  
[2025-01-27 15:01:45] local.INFO: frontend.php  
[2025-01-27 15:05:59] local.INFO: frontend.php  
[2025-01-27 15:06:32] local.INFO: frontend.php  
[2025-01-27 15:14:18] local.INFO: frontend.php  
[2025-01-27 15:16:55] local.INFO: frontend.php  
[2025-01-27 15:24:10] local.INFO: frontend.php  
[2025-01-27 16:07:08] local.INFO: frontend.php  
[2025-01-27 16:07:26] local.INFO: frontend.php  
[2025-01-27 16:14:01] local.INFO: frontend.php  
[2025-01-27 16:14:09] local.INFO: frontend.php  
[2025-01-27 16:14:57] local.INFO: frontend.php  
[2025-01-27 16:14:59] local.INFO: frontend.php  
[2025-01-27 16:15:00] local.INFO: frontend.php  
[2025-01-27 16:15:07] local.INFO: frontend.php  
[2025-01-27 16:20:38] local.INFO: frontend.php  
[2025-01-27 16:21:59] local.INFO: frontend.php  
[2025-01-27 16:22:04] local.INFO: frontend.php  
[2025-01-27 16:22:27] local.INFO: frontend.php  
[2025-01-27 16:22:29] local.INFO: frontend.php  
[2025-01-27 16:34:33] local.INFO: frontend.php  
[2025-01-27 16:34:45] local.INFO: frontend.php  
[2025-01-27 16:34:47] local.INFO: frontend.php  
[2025-01-27 16:37:54] local.INFO: frontend.php  
[2025-01-27 16:38:38] local.INFO: frontend.php  
[2025-01-27 16:38:47] local.INFO: frontend.php  
[2025-01-27 16:41:32] local.INFO: frontend.php  
[2025-01-27 16:41:48] local.INFO: frontend.php  
[2025-01-27 16:41:51] local.INFO: frontend.php  
[2025-01-27 16:42:02] local.INFO: frontend.php  
[2025-01-27 16:42:11] local.INFO: frontend.php  
[2025-01-27 16:45:10] local.INFO: frontend.php  
[2025-01-27 16:47:04] local.INFO: frontend.php  
[2025-01-27 16:48:10] local.INFO: frontend.php  
[2025-01-27 16:48:20] local.INFO: frontend.php  
[2025-01-27 16:48:27] local.INFO: frontend.php  
[2025-01-27 16:48:51] local.INFO: frontend.php  
[2025-01-27 16:50:07] local.INFO: frontend.php  
[2025-01-27 16:53:22] local.INFO: frontend.php  
[2025-01-27 16:54:12] local.INFO: frontend.php  
[2025-01-27 16:56:11] local.INFO: frontend.php  
[2025-01-27 16:57:44] local.INFO: frontend.php  
[2025-01-27 16:59:00] local.INFO: frontend.php  
[2025-01-27 16:59:09] local.INFO: frontend.php  
[2025-01-27 16:59:21] local.INFO: frontend.php  
[2025-01-27 16:59:37] local.INFO: frontend.php  
[2025-01-27 16:59:50] local.INFO: frontend.php  
[2025-01-27 16:59:52] local.INFO: frontend.php  
[2025-01-27 16:59:57] local.INFO: frontend.php  
[2025-01-27 17:03:15] local.INFO: frontend.php  
[2025-01-27 17:07:17] local.INFO: frontend.php  
[2025-01-27 17:07:21] local.INFO: frontend.php  
[2025-01-27 17:07:22] local.INFO: frontend.php  
[2025-01-27 17:07:28] local.INFO: frontend.php  
[2025-01-27 17:08:06] local.INFO: frontend.php  
[2025-01-27 17:12:10] local.INFO: frontend.php  
[2025-01-27 17:15:55] local.INFO: frontend.php  
[2025-01-27 17:17:27] local.INFO: frontend.php  
[2025-01-27 17:18:01] local.INFO: frontend.php  
[2025-01-27 17:21:13] local.INFO: frontend.php  
[2025-01-27 17:21:17] local.INFO: frontend.php  
[2025-01-27 17:21:44] local.INFO: frontend.php  
[2025-01-27 17:21:58] local.INFO: frontend.php  
[2025-01-27 17:22:09] local.INFO: frontend.php  
[2025-01-27 17:22:47] local.INFO: frontend.php  
[2025-01-27 17:26:02] local.INFO: frontend.php  
[2025-01-27 17:28:53] local.INFO: frontend.php  
[2025-01-27 17:30:17] local.INFO: frontend.php  
[2025-01-27 17:30:44] local.INFO: frontend.php  
[2025-01-27 17:33:49] local.INFO: frontend.php  
[2025-01-27 17:35:10] local.INFO: frontend.php  
[2025-01-27 17:37:11] local.INFO: frontend.php  
[2025-01-27 17:42:25] local.INFO: frontend.php  
[2025-01-27 17:44:28] local.INFO: frontend.php  
[2025-01-27 17:44:28] local.INFO: frontend.php  
[2025-01-27 17:44:56] local.INFO: frontend.php  
[2025-01-27 17:48:23] local.INFO: frontend.php  
[2025-01-27 17:48:25] local.INFO: frontend.php  
[2025-01-27 17:48:33] local.INFO: frontend.php  
[2025-01-27 17:48:46] local.INFO: frontend.php  
[2025-01-27 17:48:57] local.INFO: frontend.php  
[2025-01-27 17:49:06] local.INFO: frontend.php  
[2025-01-27 17:49:11] local.INFO: frontend.php  
[2025-01-27 17:49:57] local.INFO: frontend.php  
[2025-01-27 17:52:55] local.INFO: frontend.php  
[2025-01-27 17:54:01] local.INFO: frontend.php  
[2025-01-27 17:54:09] local.INFO: frontend.php  
[2025-01-27 17:54:59] local.INFO: frontend.php  
[2025-01-27 17:56:21] local.INFO: frontend.php  
[2025-01-27 17:56:54] local.INFO: frontend.php  
[2025-01-27 17:57:48] local.INFO: frontend.php  
[2025-01-27 17:58:01] local.INFO: frontend.php  
[2025-01-27 17:58:30] local.INFO: frontend.php  
[2025-01-27 18:06:43] local.INFO: frontend.php  
[2025-01-27 18:21:38] local.INFO: frontend.php  
[2025-01-27 18:22:07] local.INFO: frontend.php  
[2025-01-27 18:23:50] local.INFO: frontend.php  
[2025-01-27 18:23:50] local.INFO: frontend.php  
[2025-01-27 18:29:09] local.INFO: frontend.php  
[2025-01-27 18:29:09] local.INFO: frontend.php  
[2025-01-27 18:29:12] local.INFO: frontend.php  
[2025-01-27 18:29:14] local.INFO: frontend.php  
[2025-01-27 18:29:21] local.INFO: frontend.php  
[2025-01-27 18:29:51] local.INFO: frontend.php  
[2025-01-27 18:29:52] local.INFO: frontend.php  
[2025-01-27 18:32:34] local.INFO: frontend.php  
[2025-01-27 18:32:34] local.INFO: frontend.php  
[2025-01-27 18:32:44] local.INFO: frontend.php  
[2025-01-27 18:34:05] local.INFO: frontend.php  
[2025-01-27 18:34:05] local.INFO: frontend.php  
[2025-01-27 18:34:14] local.INFO: frontend.php  
[2025-01-27 18:34:17] local.INFO: frontend.php  
[2025-01-27 18:35:10] local.INFO: frontend.php  
[2025-01-27 18:35:26] local.INFO: frontend.php  
[2025-01-27 18:37:52] local.INFO: frontend.php  
[2025-01-27 18:39:21] local.INFO: frontend.php  
[2025-01-27 18:39:21] local.INFO: frontend.php  
[2025-01-27 18:39:24] local.INFO: frontend.php  
[2025-01-27 18:40:41] local.INFO: frontend.php  
[2025-01-27 18:40:41] local.INFO: frontend.php  
[2025-01-27 18:40:56] local.INFO: frontend.php  
[2025-01-27 18:40:57] local.INFO: frontend.php  
[2025-01-27 18:41:57] local.INFO: frontend.php  
[2025-01-27 18:41:57] local.INFO: frontend.php  
[2025-01-27 18:42:00] local.INFO: frontend.php  
[2025-01-27 18:42:23] local.INFO: frontend.php  
[2025-01-27 18:42:23] local.INFO: frontend.php  
[2025-01-27 18:42:28] local.INFO: frontend.php  
[2025-01-27 18:42:29] local.INFO: frontend.php  
[2025-01-27 18:48:14] local.INFO: frontend.php  
[2025-01-27 18:48:14] local.INFO: frontend.php  
[2025-01-27 18:48:21] local.INFO: frontend.php  
[2025-01-27 18:50:53] local.INFO: frontend.php  
[2025-01-27 18:50:53] local.INFO: frontend.php  
[2025-01-27 18:54:10] local.INFO: frontend.php  
[2025-01-27 18:55:10] local.INFO: frontend.php  
[2025-01-27 18:55:11] local.INFO: frontend.php  
[2025-01-27 18:55:38] local.INFO: frontend.php  
[2025-01-27 18:55:38] local.INFO: frontend.php  
[2025-01-27 18:55:41] local.INFO: frontend.php  
[2025-01-27 18:55:50] local.INFO: frontend.php  
[2025-01-27 18:55:50] local.INFO: frontend.php  
[2025-01-27 18:56:06] local.INFO: frontend.php  
[2025-01-27 18:56:07] local.INFO: frontend.php  
[2025-01-27 18:57:35] local.INFO: frontend.php  
[2025-01-27 18:58:03] local.INFO: frontend.php  
[2025-01-27 18:58:03] local.INFO: frontend.php  
[2025-01-27 19:00:50] local.INFO: frontend.php  
[2025-01-27 19:01:46] local.INFO: frontend.php  
[2025-01-27 19:02:35] local.INFO: frontend.php  
[2025-01-27 19:04:18] local.INFO: frontend.php  
[2025-01-27 19:04:18] local.INFO: frontend.php  
[2025-01-27 19:04:38] local.INFO: frontend.php  
[2025-01-27 19:04:38] local.INFO: frontend.php  
[2025-01-27 19:04:50] local.INFO: frontend.php  
[2025-01-27 19:04:51] local.INFO: frontend.php  
[2025-01-27 19:07:37] local.INFO: frontend.php  
[2025-01-27 19:07:38] local.INFO: frontend.php  
[2025-01-27 19:07:59] local.INFO: frontend.php  
[2025-01-27 19:08:00] local.INFO: frontend.php  
[2025-01-27 19:08:03] local.INFO: frontend.php  
[2025-01-27 19:08:18] local.INFO: frontend.php  
[2025-01-27 19:08:19] local.INFO: frontend.php  
[2025-01-27 19:08:42] local.INFO: frontend.php  
[2025-01-27 19:08:55] local.INFO: frontend.php  
[2025-01-27 19:09:48] local.INFO: frontend.php  
[2025-01-27 19:09:48] local.INFO: frontend.php  
[2025-01-27 19:09:54] local.INFO: frontend.php  
[2025-01-27 19:10:02] local.INFO: frontend.php  
[2025-01-27 19:10:02] local.INFO: frontend.php  
[2025-01-27 19:10:04] local.INFO: frontend.php  
[2025-01-27 19:10:06] local.INFO: frontend.php  
[2025-01-27 19:10:08] local.INFO: frontend.php  
[2025-01-27 19:10:09] local.INFO: frontend.php  
[2025-01-27 19:10:28] local.INFO: frontend.php  
[2025-01-27 19:11:42] local.INFO: frontend.php  
[2025-01-27 19:11:43] local.INFO: frontend.php  
[2025-01-27 19:11:50] local.INFO: frontend.php  
[2025-01-27 19:12:47] local.INFO: frontend.php  
[2025-01-27 19:15:27] local.INFO: frontend.php  
[2025-01-27 19:15:27] local.INFO: frontend.php  
[2025-01-27 19:17:51] local.INFO: frontend.php  
[2025-01-27 19:17:51] local.INFO: frontend.php  
[2025-01-27 19:20:26] local.INFO: frontend.php  
[2025-01-27 19:21:15] local.INFO: frontend.php  
[2025-01-27 19:21:16] local.INFO: frontend.php  
[2025-01-27 19:21:20] local.INFO: frontend.php  
[2025-01-27 19:22:35] local.INFO: frontend.php  
[2025-01-27 19:25:28] local.INFO: frontend.php  
[2025-01-27 19:25:33] local.INFO: frontend.php  
[2025-01-27 19:26:32] local.INFO: frontend.php  
[2025-01-27 19:26:32] local.INFO: frontend.php  
[2025-01-27 19:37:54] local.INFO: frontend.php  
[2025-01-27 19:37:57] local.INFO: frontend.php  
[2025-01-27 19:37:58] local.INFO: frontend.php  
[2025-01-27 19:37:58] local.INFO: frontend.php  
[2025-01-27 19:37:58] local.INFO: frontend.php  
[2025-01-27 19:37:59] local.INFO: frontend.php  
[2025-01-27 19:37:59] local.INFO: frontend.php  
[2025-01-27 19:37:59] local.INFO: frontend.php  
[2025-01-27 19:37:59] local.INFO: frontend.php  
[2025-01-27 19:38:00] local.INFO: frontend.php  
[2025-01-27 19:38:01] local.INFO: frontend.php  
[2025-01-27 19:38:01] local.INFO: frontend.php  
[2025-01-27 19:38:01] local.INFO: frontend.php  
[2025-01-27 19:38:01] local.INFO: frontend.php  
[2025-01-27 19:38:01] local.INFO: frontend.php  
[2025-01-27 19:38:04] local.INFO: frontend.php  
[2025-01-27 19:39:10] local.INFO: frontend.php  
[2025-01-27 19:39:10] local.INFO: frontend.php  
[2025-01-27 19:39:10] local.INFO: frontend.php  
[2025-01-27 19:39:10] local.INFO: frontend.php  
[2025-01-27 19:39:11] local.INFO: frontend.php  
[2025-01-27 19:39:11] local.INFO: frontend.php  
[2025-01-27 19:39:14] local.INFO: frontend.php  
[2025-01-27 19:39:15] local.INFO: frontend.php  
[2025-01-27 19:39:16] local.INFO: frontend.php  
[2025-01-27 19:39:16] local.INFO: frontend.php  
[2025-01-27 19:39:16] local.INFO: frontend.php  
[2025-01-27 19:39:17] local.INFO: frontend.php  
[2025-01-27 19:39:17] local.INFO: frontend.php  
[2025-01-27 19:39:17] local.INFO: frontend.php  
[2025-01-27 19:39:20] local.INFO: frontend.php  
[2025-01-27 19:39:25] local.INFO: frontend.php  
[2025-01-27 19:39:25] local.INFO: frontend.php  
[2025-01-27 19:39:25] local.INFO: frontend.php  
[2025-01-27 19:39:25] local.INFO: frontend.php  
[2025-01-27 19:39:25] local.INFO: frontend.php  
[2025-01-27 19:39:25] local.INFO: frontend.php  
[2025-01-27 19:39:32] local.INFO: frontend.php  
[2025-01-27 19:40:11] local.INFO: frontend.php  
[2025-01-27 19:41:26] local.INFO: frontend.php  
[2025-01-27 19:41:27] local.INFO: frontend.php  
[2025-01-27 19:41:27] local.INFO: frontend.php  
[2025-01-27 19:41:28] local.INFO: frontend.php  
[2025-01-27 19:41:28] local.INFO: frontend.php  
[2025-01-27 19:41:28] local.INFO: frontend.php  
[2025-01-27 19:41:28] local.INFO: frontend.php  
[2025-01-27 19:41:31] local.INFO: frontend.php  
[2025-01-27 19:43:20] local.INFO: frontend.php  
[2025-01-27 19:43:20] local.INFO: frontend.php  
[2025-01-27 19:43:21] local.INFO: frontend.php  
[2025-01-27 19:43:21] local.INFO: frontend.php  
[2025-01-27 19:43:21] local.INFO: frontend.php  
[2025-01-27 19:43:21] local.INFO: frontend.php  
[2025-01-27 19:43:22] local.INFO: frontend.php  
[2025-01-27 19:43:23] local.INFO: frontend.php  
[2025-01-27 19:43:23] local.INFO: frontend.php  
[2025-01-27 19:43:23] local.INFO: frontend.php  
[2025-01-27 19:43:23] local.INFO: frontend.php  
[2025-01-27 19:43:23] local.INFO: frontend.php  
[2025-01-27 19:43:23] local.INFO: frontend.php  
[2025-01-27 19:44:15] local.INFO: frontend.php  
[2025-01-27 19:45:22] local.INFO: frontend.php  
[2025-01-27 19:45:22] local.INFO: frontend.php  
[2025-01-27 19:45:22] local.INFO: frontend.php  
[2025-01-27 19:45:22] local.INFO: frontend.php  
[2025-01-27 19:45:22] local.INFO: frontend.php  
[2025-01-27 19:45:22] local.INFO: frontend.php  
[2025-01-27 19:45:29] local.INFO: frontend.php  
[2025-01-27 19:45:34] local.INFO: frontend.php  
[2025-01-27 19:45:34] local.INFO: frontend.php  
[2025-01-27 19:45:34] local.INFO: frontend.php  
[2025-01-27 19:45:34] local.INFO: frontend.php  
[2025-01-27 19:45:34] local.INFO: frontend.php  
[2025-01-27 19:45:35] local.INFO: frontend.php  
[2025-01-27 19:46:35] local.INFO: frontend.php  
[2025-01-27 19:51:11] local.INFO: frontend.php  
[2025-01-27 19:51:11] local.INFO: frontend.php  
[2025-01-27 19:51:11] local.INFO: frontend.php  
[2025-01-27 19:51:11] local.INFO: frontend.php  
[2025-01-27 19:51:11] local.INFO: frontend.php  
[2025-01-27 19:51:11] local.INFO: frontend.php  
[2025-01-27 19:51:14] local.INFO: frontend.php  
[2025-01-27 19:51:15] local.INFO: frontend.php  
[2025-01-27 19:51:15] local.INFO: frontend.php  
[2025-01-27 19:51:15] local.INFO: frontend.php  
[2025-01-27 19:51:16] local.INFO: frontend.php  
[2025-01-27 19:51:16] local.INFO: frontend.php  
[2025-01-27 19:51:16] local.INFO: frontend.php  
[2025-01-27 19:51:19] local.INFO: frontend.php  
[2025-01-27 20:05:55] local.INFO: frontend.php  
[2025-01-27 20:05:55] local.INFO: frontend.php  
[2025-01-27 20:06:01] local.INFO: frontend.php  
[2025-01-27 20:06:01] local.INFO: frontend.php  
[2025-01-27 20:06:01] local.INFO: frontend.php  
[2025-01-27 20:06:01] local.INFO: frontend.php  
[2025-01-27 20:06:01] local.INFO: frontend.php  
[2025-01-27 20:06:01] local.INFO: frontend.php  
[2025-01-27 20:07:09] local.INFO: frontend.php  
[2025-01-27 20:07:09] local.INFO: frontend.php  
[2025-01-27 20:07:13] local.INFO: frontend.php  
[2025-01-27 20:07:13] local.INFO: frontend.php  
[2025-01-27 20:07:13] local.INFO: frontend.php  
[2025-01-27 20:07:13] local.INFO: frontend.php  
[2025-01-27 20:07:13] local.INFO: frontend.php  
[2025-01-27 20:07:14] local.INFO: frontend.php  
[2025-01-27 20:09:12] local.INFO: frontend.php  
[2025-01-27 20:11:00] local.INFO: frontend.php  
[2025-01-27 20:11:00] local.INFO: frontend.php  
[2025-01-27 20:11:00] local.INFO: frontend.php  
[2025-01-27 20:11:00] local.INFO: frontend.php  
[2025-01-27 20:11:00] local.INFO: frontend.php  
[2025-01-27 20:11:01] local.INFO: frontend.php  
[2025-01-27 20:11:04] local.INFO: frontend.php  
[2025-01-27 20:11:05] local.INFO: frontend.php  
[2025-01-27 20:11:05] local.INFO: frontend.php  
[2025-01-27 20:11:05] local.INFO: frontend.php  
[2025-01-27 20:11:05] local.INFO: frontend.php  
[2025-01-27 20:11:05] local.INFO: frontend.php  
[2025-01-27 20:11:05] local.INFO: frontend.php  
[2025-01-27 20:11:14] local.INFO: frontend.php  
[2025-01-27 20:11:14] local.INFO: frontend.php  
[2025-01-27 20:11:14] local.INFO: frontend.php  
[2025-01-27 20:11:14] local.INFO: frontend.php  
[2025-01-27 20:11:14] local.INFO: frontend.php  
[2025-01-27 20:11:14] local.INFO: frontend.php  
[2025-01-27 20:11:30] local.INFO: frontend.php  
[2025-01-27 20:11:30] local.INFO: frontend.php  
[2025-01-27 20:11:30] local.INFO: frontend.php  
[2025-01-27 20:11:30] local.INFO: frontend.php  
[2025-01-27 20:11:30] local.INFO: frontend.php  
[2025-01-27 20:11:31] local.INFO: frontend.php  
[2025-01-27 20:11:42] local.INFO: frontend.php  
[2025-01-27 20:11:42] local.INFO: frontend.php  
[2025-01-27 20:11:42] local.INFO: frontend.php  
[2025-01-27 20:11:42] local.INFO: frontend.php  
[2025-01-27 20:11:43] local.INFO: frontend.php  
[2025-01-27 20:11:43] local.INFO: frontend.php  
[2025-01-27 20:11:45] local.INFO: frontend.php  
[2025-01-27 20:11:45] local.INFO: frontend.php  
[2025-01-27 20:11:45] local.INFO: frontend.php  
[2025-01-27 20:11:45] local.INFO: frontend.php  
[2025-01-27 20:11:45] local.INFO: frontend.php  
[2025-01-27 20:11:45] local.INFO: frontend.php  
[2025-01-27 20:11:48] local.INFO: frontend.php  
[2025-01-27 20:11:48] local.INFO: frontend.php  
[2025-01-27 20:11:48] local.INFO: frontend.php  
[2025-01-27 20:11:48] local.INFO: frontend.php  
[2025-01-27 20:11:48] local.INFO: frontend.php  
[2025-01-27 20:11:48] local.INFO: frontend.php  
[2025-01-27 20:11:54] local.INFO: frontend.php  
[2025-01-27 20:11:54] local.INFO: frontend.php  
[2025-01-27 20:11:54] local.INFO: frontend.php  
[2025-01-27 20:11:54] local.INFO: frontend.php  
[2025-01-27 20:11:54] local.INFO: frontend.php  
[2025-01-27 20:11:54] local.INFO: frontend.php  
[2025-01-27 20:11:58] local.INFO: frontend.php  
[2025-01-27 20:13:07] local.INFO: frontend.php  
[2025-01-27 20:13:07] local.INFO: frontend.php  
[2025-01-27 20:13:07] local.INFO: frontend.php  
[2025-01-27 20:13:07] local.INFO: frontend.php  
[2025-01-27 20:13:07] local.INFO: frontend.php  
[2025-01-27 20:13:07] local.INFO: frontend.php  
[2025-01-27 20:13:08] local.INFO: frontend.php  
[2025-01-27 20:13:09] local.INFO: frontend.php  
[2025-01-27 20:13:09] local.INFO: frontend.php  
[2025-01-27 20:13:09] local.INFO: frontend.php  
[2025-01-27 20:13:09] local.INFO: frontend.php  
[2025-01-27 20:13:09] local.INFO: frontend.php  
[2025-01-27 20:13:09] local.INFO: frontend.php  
[2025-01-27 20:13:13] local.INFO: frontend.php  
[2025-01-27 20:13:23] local.INFO: frontend.php  
[2025-01-27 20:13:23] local.INFO: frontend.php  
[2025-01-27 20:13:23] local.INFO: frontend.php  
[2025-01-27 20:13:23] local.INFO: frontend.php  
[2025-01-27 20:13:23] local.INFO: frontend.php  
[2025-01-27 20:13:23] local.INFO: frontend.php  
[2025-01-27 20:13:27] local.INFO: frontend.php  
[2025-01-27 20:13:28] local.INFO: frontend.php  
[2025-01-27 20:13:28] local.INFO: frontend.php  
[2025-01-27 20:13:28] local.INFO: frontend.php  
[2025-01-27 20:13:28] local.INFO: frontend.php  
[2025-01-27 20:13:30] local.INFO: frontend.php  
[2025-01-27 20:13:30] local.INFO: frontend.php  
[2025-01-27 20:13:31] local.INFO: frontend.php  
[2025-01-27 20:13:31] local.INFO: frontend.php  
[2025-01-27 20:13:31] local.INFO: frontend.php  
[2025-01-27 20:13:35] local.INFO: frontend.php  
[2025-01-27 20:14:51] local.INFO: frontend.php  
[2025-01-27 20:15:10] local.INFO: frontend.php  
[2025-01-27 20:15:10] local.INFO: frontend.php  
[2025-01-27 20:15:10] local.INFO: frontend.php  
[2025-01-27 20:15:11] local.INFO: frontend.php  
[2025-01-27 20:15:11] local.INFO: frontend.php  
[2025-01-27 20:15:11] local.INFO: frontend.php  
[2025-01-27 20:15:11] local.INFO: frontend.php  
[2025-01-27 20:15:12] local.INFO: frontend.php  
[2025-01-27 20:15:12] local.INFO: frontend.php  
[2025-01-27 20:15:12] local.INFO: frontend.php  
[2025-01-27 20:15:24] local.INFO: frontend.php  
[2025-01-27 20:15:24] local.INFO: frontend.php  
[2025-01-27 20:15:24] local.INFO: frontend.php  
[2025-01-27 20:15:25] local.INFO: frontend.php  
[2025-01-27 20:15:25] local.INFO: frontend.php  
[2025-01-27 20:15:25] local.INFO: frontend.php  
[2025-01-27 20:15:26] local.INFO: frontend.php  
[2025-01-27 20:15:26] local.INFO: frontend.php  
[2025-01-27 20:15:26] local.INFO: frontend.php  
[2025-01-27 20:15:26] local.INFO: frontend.php  
[2025-01-27 20:16:48] local.INFO: frontend.php  
[2025-01-27 20:18:18] local.INFO: frontend.php  
[2025-01-27 20:18:18] local.INFO: frontend.php  
[2025-01-27 20:18:18] local.INFO: frontend.php  
[2025-01-27 20:18:18] local.INFO: frontend.php  
[2025-01-27 20:18:18] local.INFO: frontend.php  
[2025-01-27 20:18:18] local.INFO: frontend.php  
[2025-01-27 20:18:18] local.INFO: frontend.php  
[2025-01-27 20:18:18] local.INFO: frontend.php  
[2025-01-27 20:18:18] local.INFO: frontend.php  
[2025-01-27 20:18:18] local.INFO: frontend.php  
[2025-01-27 20:19:07] local.INFO: frontend.php  
[2025-01-27 20:19:07] local.INFO: frontend.php  
[2025-01-27 20:19:07] local.INFO: frontend.php  
[2025-01-27 20:19:08] local.INFO: frontend.php  
[2025-01-27 20:19:08] local.INFO: frontend.php  
[2025-01-27 20:19:08] local.INFO: frontend.php  
[2025-01-27 20:19:27] local.INFO: frontend.php  
[2025-01-27 20:19:27] local.INFO: frontend.php  
[2025-01-27 20:19:27] local.INFO: frontend.php  
[2025-01-27 20:19:27] local.INFO: frontend.php  
[2025-01-27 20:19:27] local.INFO: frontend.php  
[2025-01-27 20:19:27] local.INFO: frontend.php  
[2025-01-27 20:23:54] local.INFO: frontend.php  
[2025-01-27 20:24:03] local.INFO: frontend.php  
[2025-01-27 20:24:04] local.INFO: frontend.php  
[2025-01-27 20:24:04] local.INFO: frontend.php  
[2025-01-27 20:24:05] local.INFO: frontend.php  
[2025-01-27 20:24:05] local.INFO: frontend.php  
[2025-01-27 20:24:05] local.INFO: frontend.php  
[2025-01-27 20:24:05] local.INFO: frontend.php  
[2025-01-27 20:24:08] local.INFO: frontend.php  
[2025-01-27 20:24:09] local.INFO: frontend.php  
[2025-01-27 20:24:10] local.INFO: frontend.php  
[2025-01-27 20:24:10] local.INFO: frontend.php  
[2025-01-27 20:24:10] local.INFO: frontend.php  
[2025-01-27 20:24:11] local.INFO: frontend.php  
[2025-01-27 20:24:11] local.INFO: frontend.php  
[2025-01-27 20:24:11] local.INFO: frontend.php  
[2025-01-27 20:24:26] local.INFO: frontend.php  
[2025-01-27 20:25:03] local.INFO: frontend.php  
[2025-01-27 20:25:04] local.INFO: frontend.php  
[2025-01-27 20:25:04] local.INFO: frontend.php  
[2025-01-27 20:25:04] local.INFO: frontend.php  
[2025-01-27 20:25:04] local.INFO: frontend.php  
[2025-01-27 20:25:04] local.INFO: frontend.php  
[2025-01-27 20:25:04] local.INFO: frontend.php  
[2025-01-27 20:25:10] local.INFO: frontend.php  
[2025-01-27 20:25:11] local.INFO: frontend.php  
[2025-01-27 20:25:12] local.INFO: frontend.php  
[2025-01-27 20:25:12] local.INFO: frontend.php  
[2025-01-27 20:25:12] local.INFO: frontend.php  
[2025-01-27 20:25:12] local.INFO: frontend.php  
[2025-01-27 20:25:12] local.INFO: frontend.php  
[2025-01-27 20:25:13] local.INFO: frontend.php  
[2025-01-27 20:25:28] local.INFO: frontend.php  
[2025-01-27 20:25:29] local.INFO: frontend.php  
[2025-01-27 20:25:30] local.INFO: frontend.php  
[2025-01-27 20:25:30] local.INFO: frontend.php  
[2025-01-27 20:25:30] local.INFO: frontend.php  
[2025-01-27 20:25:30] local.INFO: frontend.php  
[2025-01-27 20:25:30] local.INFO: frontend.php  
[2025-01-27 20:25:31] local.INFO: frontend.php  
[2025-01-27 20:26:36] local.INFO: frontend.php  
[2025-01-27 20:27:14] local.INFO: frontend.php  
[2025-01-27 20:37:30] local.INFO: frontend.php  
[2025-01-27 20:37:30] local.INFO: frontend.php  
[2025-01-27 20:41:14] local.INFO: frontend.php  
[2025-01-27 20:41:14] local.INFO: frontend.php  
[2025-01-27 20:41:23] local.INFO: frontend.php  
[2025-01-27 20:43:23] local.INFO: frontend.php  
[2025-01-27 20:58:18] local.INFO: frontend.php  
[2025-01-27 20:58:18] local.INFO: frontend.php  
[2025-01-27 21:00:52] local.INFO: frontend.php  
[2025-01-27 21:00:53] local.INFO: frontend.php  
[2025-01-27 21:00:53] local.INFO: frontend.php  
[2025-01-27 21:01:19] local.INFO: frontend.php  
[2025-01-27 21:01:20] local.INFO: frontend.php  
[2025-01-27 21:01:32] local.INFO: frontend.php  
[2025-01-27 21:01:33] local.INFO: frontend.php  
[2025-01-27 21:02:01] local.INFO: frontend.php  
[2025-01-27 21:02:01] local.INFO: frontend.php  
[2025-01-27 21:02:14] local.INFO: frontend.php  
[2025-01-27 21:02:14] local.INFO: frontend.php  
[2025-01-27 21:03:05] local.INFO: frontend.php  
[2025-01-27 21:03:06] local.INFO: frontend.php  
[2025-01-27 21:03:20] local.INFO: frontend.php  
[2025-01-27 21:03:21] local.INFO: frontend.php  
[2025-01-27 21:03:21] local.INFO: frontend.php  
[2025-01-27 21:03:21] local.INFO: frontend.php  
[2025-01-27 21:03:22] local.INFO: frontend.php  
[2025-01-27 21:03:22] local.INFO: frontend.php  
[2025-01-27 21:03:25] local.INFO: frontend.php  
[2025-01-27 21:03:30] local.INFO: frontend.php  
[2025-01-27 21:03:33] local.INFO: frontend.php  
[2025-01-27 21:03:34] local.INFO: frontend.php  
[2025-01-27 21:03:34] local.INFO: frontend.php  
[2025-01-27 21:03:35] local.INFO: frontend.php  
[2025-01-27 21:03:35] local.INFO: frontend.php  
[2025-01-27 21:03:38] local.INFO: frontend.php  
[2025-01-27 21:03:54] local.INFO: frontend.php  
[2025-01-27 21:03:56] local.INFO: frontend.php  
[2025-01-27 21:03:56] local.INFO: frontend.php  
[2025-01-27 21:03:57] local.INFO: frontend.php  
[2025-01-27 21:03:57] local.INFO: frontend.php  
[2025-01-27 21:04:00] local.INFO: frontend.php  
[2025-01-27 21:06:16] local.INFO: frontend.php  
[2025-01-27 21:06:17] local.INFO: frontend.php  
[2025-01-27 21:06:17] local.INFO: frontend.php  
[2025-01-27 21:06:17] local.INFO: frontend.php  
[2025-01-27 21:06:23] local.INFO: frontend.php  
[2025-01-27 21:07:01] local.INFO: frontend.php  
[2025-01-27 21:07:02] local.INFO: frontend.php  
[2025-01-27 21:11:41] local.INFO: frontend.php  
[2025-01-27 21:19:22] local.INFO: frontend.php  
[2025-01-27 21:20:37] local.INFO: frontend.php  
[2025-01-27 21:20:39] local.INFO: frontend.php  
[2025-01-27 21:20:40] local.INFO: frontend.php  
[2025-01-27 21:22:09] local.INFO: frontend.php  
[2025-01-27 21:22:31] local.INFO: frontend.php  
[2025-01-27 21:22:46] local.INFO: frontend.php  
[2025-01-27 21:23:36] local.INFO: frontend.php  
[2025-01-27 21:23:47] local.INFO: frontend.php  
[2025-01-27 21:24:22] local.INFO: frontend.php  
[2025-01-27 21:27:49] local.INFO: frontend.php  
[2025-01-27 21:29:24] local.INFO: frontend.php  
[2025-01-27 21:29:37] local.INFO: frontend.php  
[2025-01-27 21:29:37] local.INFO: frontend.php  
[2025-01-27 21:29:37] local.INFO: frontend.php  
[2025-01-27 21:29:37] local.INFO: frontend.php  
[2025-01-27 21:30:14] local.INFO: frontend.php  
[2025-01-27 21:30:33] local.INFO: frontend.php  
[2025-01-27 21:30:33] local.INFO: frontend.php  
[2025-01-27 21:30:34] local.INFO: frontend.php  
[2025-01-27 21:30:34] local.INFO: frontend.php  
[2025-01-27 21:33:40] local.INFO: frontend.php  
[2025-01-27 21:33:40] local.INFO: frontend.php  
[2025-01-27 21:33:45] local.INFO: frontend.php  
[2025-01-27 21:33:59] local.INFO: frontend.php  
[2025-01-27 21:34:00] local.INFO: frontend.php  
[2025-01-27 21:34:27] local.INFO: frontend.php  
[2025-01-27 21:34:27] local.ERROR: Unmatched '}' {"exception":"[object] (ParseError(code: 0): Unmatched '}' at C:\\Users\\Webhouse\\Downloads\\InjaUnjaOrigin-development\\InjaUnjaOrigin-development\\routes\\instanceWeb\\frontend.php:90)
[stacktrace]
#0 C:\\Users\\Webhouse\\Downloads\\InjaUnjaOrigin-development\\InjaUnjaOrigin-development\\vendor\\laravel\\framework\\src\\Illuminate\\Routing\\RouteFileRegistrar.php(35): require()
#1 C:\\Users\\Webhouse\\Downloads\\InjaUnjaOrigin-development\\InjaUnjaOrigin-development\\vendor\\laravel\\framework\\src\\Illuminate\\Routing\\Router.php(513): Illuminate\\Routing\\RouteFileRegistrar->register()
#2 C:\\Users\\Webhouse\\Downloads\\InjaUnjaOrigin-development\\InjaUnjaOrigin-development\\vendor\\laravel\\framework\\src\\Illuminate\\Routing\\Router.php(467): Illuminate\\Routing\\Router->loadRoutes()
#3 C:\\Users\\Webhouse\\Downloads\\InjaUnjaOrigin-development\\InjaUnjaOrigin-development\\vendor\\laravel\\framework\\src\\Illuminate\\Routing\\RouteRegistrar.php(199): Illuminate\\Routing\\Router->group()
#4 C:\\Users\\Webhouse\\Downloads\\InjaUnjaOrigin-development\\InjaUnjaOrigin-development\\vendor\\laravel\\framework\\src\\Illuminate\\Foundation\\Configuration\\ApplicationBuilder.php(248): Illuminate\\Routing\\RouteRegistrar->group()
#5 C:\\Users\\Webhouse\\Downloads\\InjaUnjaOrigin-development\\InjaUnjaOrigin-development\\vendor\\laravel\\framework\\src\\Illuminate\\Container\\BoundMethod.php(36): Illuminate\\Foundation\\Configuration\\ApplicationBuilder->Illuminate\\Foundation\\Configuration\\{closure}()
#6 C:\\Users\\Webhouse\\Downloads\\InjaUnjaOrigin-development\\InjaUnjaOrigin-development\\vendor\\laravel\\framework\\src\\Illuminate\\Container\\Util.php(43): Illuminate\\Container\\BoundMethod::Illuminate\\Container\\{closure}()
#7 C:\\Users\\Webhouse\\Downloads\\InjaUnjaOrigin-development\\InjaUnjaOrigin-development\\vendor\\laravel\\framework\\src\\Illuminate\\Container\\BoundMethod.php(83): Illuminate\\Container\\Util::unwrapIfClosure()
#8 C:\\Users\\Webhouse\\Downloads\\InjaUnjaOrigin-development\\InjaUnjaOrigin-development\\vendor\\laravel\\framework\\src\\Illuminate\\Container\\BoundMethod.php(35): Illuminate\\Container\\BoundMethod::callBoundMethod()
#9 C:\\Users\\Webhouse\\Downloads\\InjaUnjaOrigin-development\\InjaUnjaOrigin-development\\vendor\\laravel\\framework\\src\\Illuminate\\Container\\Container.php(694): Illuminate\\Container\\BoundMethod::call()
#10 C:\\Users\\Webhouse\\Downloads\\InjaUnjaOrigin-development\\InjaUnjaOrigin-development\\vendor\\laravel\\framework\\src\\Illuminate\\Foundation\\Support\\Providers\\RouteServiceProvider.php(162): Illuminate\\Container\\Container->call()
#11 C:\\Users\\Webhouse\\Downloads\\InjaUnjaOrigin-development\\InjaUnjaOrigin-development\\vendor\\laravel\\framework\\src\\Illuminate\\Foundation\\Support\\Providers\\RouteServiceProvider.php(59): Illuminate\\Foundation\\Support\\Providers\\RouteServiceProvider->loadRoutes()
#12 C:\\Users\\Webhouse\\Downloads\\InjaUnjaOrigin-development\\InjaUnjaOrigin-development\\vendor\\laravel\\framework\\src\\Illuminate\\Container\\BoundMethod.php(36): Illuminate\\Foundation\\Support\\Providers\\RouteServiceProvider->Illuminate\\Foundation\\Support\\Providers\\{closure}()
#13 C:\\Users\\Webhouse\\Downloads\\InjaUnjaOrigin-development\\InjaUnjaOrigin-development\\vendor\\laravel\\framework\\src\\Illuminate\\Container\\Util.php(43): Illuminate\\Container\\BoundMethod::Illuminate\\Container\\{closure}()
#14 C:\\Users\\Webhouse\\Downloads\\InjaUnjaOrigin-development\\InjaUnjaOrigin-development\\vendor\\laravel\\framework\\src\\Illuminate\\Container\\BoundMethod.php(83): Illuminate\\Container\\Util::unwrapIfClosure()
#15 C:\\Users\\Webhouse\\Downloads\\InjaUnjaOrigin-development\\InjaUnjaOrigin-development\\vendor\\laravel\\framework\\src\\Illuminate\\Container\\BoundMethod.php(35): Illuminate\\Container\\BoundMethod::callBoundMethod()
#16 C:\\Users\\Webhouse\\Downloads\\InjaUnjaOrigin-development\\InjaUnjaOrigin-development\\vendor\\laravel\\framework\\src\\Illuminate\\Container\\Container.php(694): Illuminate\\Container\\BoundMethod::call()
#17 C:\\Users\\Webhouse\\Downloads\\InjaUnjaOrigin-development\\InjaUnjaOrigin-development\\vendor\\laravel\\framework\\src\\Illuminate\\Support\\ServiceProvider.php(144): Illuminate\\Container\\Container->call()
#18 C:\\Users\\Webhouse\\Downloads\\InjaUnjaOrigin-development\\InjaUnjaOrigin-development\\vendor\\laravel\\framework\\src\\Illuminate\\Foundation\\Application.php(1127): Illuminate\\Support\\ServiceProvider->callBootedCallbacks()
#19 C:\\Users\\Webhouse\\Downloads\\InjaUnjaOrigin-development\\InjaUnjaOrigin-development\\vendor\\laravel\\framework\\src\\Illuminate\\Foundation\\Application.php(1105): Illuminate\\Foundation\\Application->bootProvider()
#20 [internal function]: Illuminate\\Foundation\\Application->Illuminate\\Foundation\\{closure}()
#21 C:\\Users\\Webhouse\\Downloads\\InjaUnjaOrigin-development\\InjaUnjaOrigin-development\\vendor\\laravel\\framework\\src\\Illuminate\\Foundation\\Application.php(1104): array_walk()
#22 C:\\Users\\Webhouse\\Downloads\\InjaUnjaOrigin-development\\InjaUnjaOrigin-development\\vendor\\laravel\\framework\\src\\Illuminate\\Foundation\\Bootstrap\\BootProviders.php(17): Illuminate\\Foundation\\Application->boot()
#23 C:\\Users\\Webhouse\\Downloads\\InjaUnjaOrigin-development\\InjaUnjaOrigin-development\\vendor\\laravel\\framework\\src\\Illuminate\\Foundation\\Application.php(319): Illuminate\\Foundation\\Bootstrap\\BootProviders->bootstrap()
#24 C:\\Users\\Webhouse\\Downloads\\InjaUnjaOrigin-development\\InjaUnjaOrigin-development\\vendor\\laravel\\framework\\src\\Illuminate\\Foundation\\Http\\Kernel.php(187): Illuminate\\Foundation\\Application->bootstrapWith()
#25 C:\\Users\\Webhouse\\Downloads\\InjaUnjaOrigin-development\\InjaUnjaOrigin-development\\vendor\\laravel\\framework\\src\\Illuminate\\Foundation\\Http\\Kernel.php(171): Illuminate\\Foundation\\Http\\Kernel->bootstrap()
#26 C:\\Users\\Webhouse\\Downloads\\InjaUnjaOrigin-development\\InjaUnjaOrigin-development\\vendor\\laravel\\framework\\src\\Illuminate\\Foundation\\Http\\Kernel.php(145): Illuminate\\Foundation\\Http\\Kernel->sendRequestThroughRouter()
#27 C:\\Users\\Webhouse\\Downloads\\InjaUnjaOrigin-development\\InjaUnjaOrigin-development\\vendor\\laravel\\framework\\src\\Illuminate\\Foundation\\Application.php(1193): Illuminate\\Foundation\\Http\\Kernel->handle()
#28 C:\\Users\\Webhouse\\Downloads\\InjaUnjaOrigin-development\\InjaUnjaOrigin-development\\public\\index.php(17): Illuminate\\Foundation\\Application->handleRequest()
#29 C:\\Users\\Webhouse\\Downloads\\InjaUnjaOrigin-development\\InjaUnjaOrigin-development\\vendor\\laravel\\framework\\src\\Illuminate\\Foundation\\resources\\server.php(23): require_once('...')
#30 {main}
"} 
[2025-01-27 21:34:34] local.INFO: frontend.php  
[2025-01-27 21:34:34] local.ERROR: Unmatched '}' {"exception":"[object] (ParseError(code: 0): Unmatched '}' at C:\\Users\\Webhouse\\Downloads\\InjaUnjaOrigin-development\\InjaUnjaOrigin-development\\routes\\instanceWeb\\frontend.php:90)
[stacktrace]
#0 C:\\Users\\Webhouse\\Downloads\\InjaUnjaOrigin-development\\InjaUnjaOrigin-development\\vendor\\laravel\\framework\\src\\Illuminate\\Routing\\RouteFileRegistrar.php(35): require()
#1 C:\\Users\\Webhouse\\Downloads\\InjaUnjaOrigin-development\\InjaUnjaOrigin-development\\vendor\\laravel\\framework\\src\\Illuminate\\Routing\\Router.php(513): Illuminate\\Routing\\RouteFileRegistrar->register()
#2 C:\\Users\\Webhouse\\Downloads\\InjaUnjaOrigin-development\\InjaUnjaOrigin-development\\vendor\\laravel\\framework\\src\\Illuminate\\Routing\\Router.php(467): Illuminate\\Routing\\Router->loadRoutes()
#3 C:\\Users\\Webhouse\\Downloads\\InjaUnjaOrigin-development\\InjaUnjaOrigin-development\\vendor\\laravel\\framework\\src\\Illuminate\\Routing\\RouteRegistrar.php(199): Illuminate\\Routing\\Router->group()
#4 C:\\Users\\Webhouse\\Downloads\\InjaUnjaOrigin-development\\InjaUnjaOrigin-development\\vendor\\laravel\\framework\\src\\Illuminate\\Foundation\\Configuration\\ApplicationBuilder.php(248): Illuminate\\Routing\\RouteRegistrar->group()
#5 C:\\Users\\Webhouse\\Downloads\\InjaUnjaOrigin-development\\InjaUnjaOrigin-development\\vendor\\laravel\\framework\\src\\Illuminate\\Container\\BoundMethod.php(36): Illuminate\\Foundation\\Configuration\\ApplicationBuilder->Illuminate\\Foundation\\Configuration\\{closure}()
#6 C:\\Users\\Webhouse\\Downloads\\InjaUnjaOrigin-development\\InjaUnjaOrigin-development\\vendor\\laravel\\framework\\src\\Illuminate\\Container\\Util.php(43): Illuminate\\Container\\BoundMethod::Illuminate\\Container\\{closure}()
#7 C:\\Users\\Webhouse\\Downloads\\InjaUnjaOrigin-development\\InjaUnjaOrigin-development\\vendor\\laravel\\framework\\src\\Illuminate\\Container\\BoundMethod.php(83): Illuminate\\Container\\Util::unwrapIfClosure()
#8 C:\\Users\\Webhouse\\Downloads\\InjaUnjaOrigin-development\\InjaUnjaOrigin-development\\vendor\\laravel\\framework\\src\\Illuminate\\Container\\BoundMethod.php(35): Illuminate\\Container\\BoundMethod::callBoundMethod()
#9 C:\\Users\\Webhouse\\Downloads\\InjaUnjaOrigin-development\\InjaUnjaOrigin-development\\vendor\\laravel\\framework\\src\\Illuminate\\Container\\Container.php(694): Illuminate\\Container\\BoundMethod::call()
#10 C:\\Users\\Webhouse\\Downloads\\InjaUnjaOrigin-development\\InjaUnjaOrigin-development\\vendor\\laravel\\framework\\src\\Illuminate\\Foundation\\Support\\Providers\\RouteServiceProvider.php(162): Illuminate\\Container\\Container->call()
#11 C:\\Users\\Webhouse\\Downloads\\InjaUnjaOrigin-development\\InjaUnjaOrigin-development\\vendor\\laravel\\framework\\src\\Illuminate\\Foundation\\Support\\Providers\\RouteServiceProvider.php(59): Illuminate\\Foundation\\Support\\Providers\\RouteServiceProvider->loadRoutes()
#12 C:\\Users\\Webhouse\\Downloads\\InjaUnjaOrigin-development\\InjaUnjaOrigin-development\\vendor\\laravel\\framework\\src\\Illuminate\\Container\\BoundMethod.php(36): Illuminate\\Foundation\\Support\\Providers\\RouteServiceProvider->Illuminate\\Foundation\\Support\\Providers\\{closure}()
#13 C:\\Users\\Webhouse\\Downloads\\InjaUnjaOrigin-development\\InjaUnjaOrigin-development\\vendor\\laravel\\framework\\src\\Illuminate\\Container\\Util.php(43): Illuminate\\Container\\BoundMethod::Illuminate\\Container\\{closure}()
#14 C:\\Users\\Webhouse\\Downloads\\InjaUnjaOrigin-development\\InjaUnjaOrigin-development\\vendor\\laravel\\framework\\src\\Illuminate\\Container\\BoundMethod.php(83): Illuminate\\Container\\Util::unwrapIfClosure()
#15 C:\\Users\\Webhouse\\Downloads\\InjaUnjaOrigin-development\\InjaUnjaOrigin-development\\vendor\\laravel\\framework\\src\\Illuminate\\Container\\BoundMethod.php(35): Illuminate\\Container\\BoundMethod::callBoundMethod()
#16 C:\\Users\\Webhouse\\Downloads\\InjaUnjaOrigin-development\\InjaUnjaOrigin-development\\vendor\\laravel\\framework\\src\\Illuminate\\Container\\Container.php(694): Illuminate\\Container\\BoundMethod::call()
#17 C:\\Users\\Webhouse\\Downloads\\InjaUnjaOrigin-development\\InjaUnjaOrigin-development\\vendor\\laravel\\framework\\src\\Illuminate\\Support\\ServiceProvider.php(144): Illuminate\\Container\\Container->call()
#18 C:\\Users\\Webhouse\\Downloads\\InjaUnjaOrigin-development\\InjaUnjaOrigin-development\\vendor\\laravel\\framework\\src\\Illuminate\\Foundation\\Application.php(1127): Illuminate\\Support\\ServiceProvider->callBootedCallbacks()
#19 C:\\Users\\Webhouse\\Downloads\\InjaUnjaOrigin-development\\InjaUnjaOrigin-development\\vendor\\laravel\\framework\\src\\Illuminate\\Foundation\\Application.php(1105): Illuminate\\Foundation\\Application->bootProvider()
#20 [internal function]: Illuminate\\Foundation\\Application->Illuminate\\Foundation\\{closure}()
#21 C:\\Users\\Webhouse\\Downloads\\InjaUnjaOrigin-development\\InjaUnjaOrigin-development\\vendor\\laravel\\framework\\src\\Illuminate\\Foundation\\Application.php(1104): array_walk()
#22 C:\\Users\\Webhouse\\Downloads\\InjaUnjaOrigin-development\\InjaUnjaOrigin-development\\vendor\\laravel\\framework\\src\\Illuminate\\Foundation\\Bootstrap\\BootProviders.php(17): Illuminate\\Foundation\\Application->boot()
#23 C:\\Users\\Webhouse\\Downloads\\InjaUnjaOrigin-development\\InjaUnjaOrigin-development\\vendor\\laravel\\framework\\src\\Illuminate\\Foundation\\Application.php(319): Illuminate\\Foundation\\Bootstrap\\BootProviders->bootstrap()
#24 C:\\Users\\Webhouse\\Downloads\\InjaUnjaOrigin-development\\InjaUnjaOrigin-development\\vendor\\laravel\\framework\\src\\Illuminate\\Foundation\\Http\\Kernel.php(187): Illuminate\\Foundation\\Application->bootstrapWith()
#25 C:\\Users\\Webhouse\\Downloads\\InjaUnjaOrigin-development\\InjaUnjaOrigin-development\\vendor\\laravel\\framework\\src\\Illuminate\\Foundation\\Http\\Kernel.php(171): Illuminate\\Foundation\\Http\\Kernel->bootstrap()
#26 C:\\Users\\Webhouse\\Downloads\\InjaUnjaOrigin-development\\InjaUnjaOrigin-development\\vendor\\laravel\\framework\\src\\Illuminate\\Foundation\\Http\\Kernel.php(145): Illuminate\\Foundation\\Http\\Kernel->sendRequestThroughRouter()
#27 C:\\Users\\Webhouse\\Downloads\\InjaUnjaOrigin-development\\InjaUnjaOrigin-development\\vendor\\laravel\\framework\\src\\Illuminate\\Foundation\\Application.php(1193): Illuminate\\Foundation\\Http\\Kernel->handle()
#28 C:\\Users\\Webhouse\\Downloads\\InjaUnjaOrigin-development\\InjaUnjaOrigin-development\\public\\index.php(17): Illuminate\\Foundation\\Application->handleRequest()
#29 C:\\Users\\Webhouse\\Downloads\\InjaUnjaOrigin-development\\InjaUnjaOrigin-development\\vendor\\laravel\\framework\\src\\Illuminate\\Foundation\\resources\\server.php(23): require_once('...')
#30 {main}
"} 
[2025-01-27 21:34:49] local.INFO: frontend.php  
[2025-01-27 21:36:51] local.INFO: frontend.php  
[2025-01-27 21:36:53] local.INFO: frontend.php  
[2025-01-27 21:38:06] local.INFO: frontend.php  
[2025-01-27 21:38:25] local.INFO: frontend.php  
[2025-01-27 21:45:51] local.INFO: frontend.php  
[2025-01-27 21:46:16] local.INFO: frontend.php  
[2025-01-27 21:46:46] local.INFO: frontend.php  
[2025-01-27 21:47:20] local.INFO: frontend.php  
[2025-01-27 22:14:16] local.INFO: frontend.php  
[2025-01-27 22:14:59] local.INFO: frontend.php  
[2025-01-27 22:15:56] local.INFO: frontend.php  
[2025-01-27 22:17:17] local.INFO: frontend.php  
[2025-01-27 22:17:24] local.INFO: frontend.php  
[2025-01-27 22:17:48] local.INFO: frontend.php  
[2025-01-27 22:18:13] local.INFO: frontend.php  
[2025-01-27 22:18:23] local.INFO: frontend.php  
[2025-01-27 22:18:27] local.INFO: frontend.php  
[2025-01-27 22:18:28] local.INFO: frontend.php  
[2025-01-27 22:18:28] local.INFO: frontend.php  
[2025-01-27 22:18:32] local.INFO: frontend.php  
[2025-01-27 22:19:07] local.INFO: frontend.php  
[2025-01-27 22:19:14] local.INFO: frontend.php  
[2025-01-27 22:19:34] local.INFO: frontend.php  
[2025-01-27 22:21:07] local.INFO: frontend.php  
[2025-01-27 22:21:55] local.INFO: frontend.php  
[2025-01-27 22:24:59] local.INFO: frontend.php  
[2025-01-27 22:26:04] local.INFO: frontend.php  
[2025-01-27 22:27:08] local.INFO: frontend.php  
[2025-01-27 22:27:11] local.INFO: frontend.php  
[2025-01-27 22:27:29] local.INFO: frontend.php  
[2025-01-27 22:30:11] local.INFO: frontend.php  
[2025-01-27 22:30:14] local.INFO: frontend.php  
[2025-01-27 22:37:26] local.INFO: frontend.php  
[2025-01-27 22:42:58] local.INFO: frontend.php  
[2025-01-27 22:44:34] local.INFO: frontend.php  
[2025-01-27 22:47:54] local.INFO: frontend.php  
[2025-01-27 22:48:22] local.INFO: frontend.php  
[2025-01-27 22:50:21] local.INFO: frontend.php  
